# JRE version: OpenJDK Runtime Environment (8.0_212-b04) (build 1.8.0_212-b04)
# Java VM: OpenJDK 64-Bit Server VM (25.212-b04 mixed mode windows-amd64 compressed oops)
Heap:
 PSYoungGen      total 484352K, used 398876K [0x00000000d5f00000, 0x00000000f7200000, 0x0000000100000000)
  eden space 453120K, 88% used [0x00000000d5f00000,0x00000000ee487270,0x00000000f1980000)
  from space 31232K, 0% used [0x00000000f1980000,0x00000000f1980000,0x00000000f3800000)
  to   space 32768K, 0% used [0x00000000f5200000,0x00000000f5200000,0x00000000f7200000)
 ParOldGen       total 93184K, used 58534K [0x0000000081c00000, 0x0000000087700000, 0x00000000d5f00000)
  object space 93184K, 62% used [0x0000000081c00000,0x0000000085529a28,0x0000000087700000)
 Metaspace       used 19818K, capacity 20009K, committed 20224K, reserved 1067008K
  class space    used 2182K, capacity 2262K, committed 2304K, reserved 1048576K
GC Heap History (10 events):
Event: 24.332 GC heap before
{Heap before GC invocations=43 (full 13):
 PSYoungGen      total 485888K, used 464846K [0x00000000d5f00000, 0x00000000f7200000, 0x0000000100000000)
  eden space 453120K, 100% used [0x00000000d5f00000,0x00000000f1980000,0x00000000f1980000)
  from space 32768K, 35% used [0x00000000f5200000,0x00000000f5d73828,0x00000000f7200000)
  to   space 31232K, 0% used [0x00000000f1980000,0x00000000f1980000,0x00000000f3800000)
 ParOldGen       total 93184K, used 92753K [0x0000000081c00000, 0x0000000087700000, 0x00000000d5f00000)
  object space 93184K, 99% used [0x0000000081c00000,0x00000000876947b8,0x0000000087700000)
 Metaspace       used 19781K, capacity 20009K, committed 20224K, reserved 1067008K
  class space    used 2182K, capacity 2262K, committed 2304K, reserved 1048576K
Event: 24.376 GC heap after
Heap after GC invocations=43 (full 13):
 PSYoungGen      total 485888K, used 0K [0x00000000d5f00000, 0x00000000f7200000, 0x0000000100000000)
  eden space 453120K, 0% used [0x00000000d5f00000,0x00000000d5f00000,0x00000000f1980000)
  from space 32768K, 0% used [0x00000000f5200000,0x00000000f5200000,0x00000000f7200000)
  to   space 31232K, 0% used [0x00000000f1980000,0x00000000f1980000,0x00000000f3800000)
 ParOldGen       total 93184K, used 58534K [0x0000000081c00000, 0x0000000087700000, 0x00000000d5f00000)
  object space 93184K, 62% used [0x0000000081c00000,0x0000000085529a28,0x0000000087700000)
 Metaspace       used 19781K, capacity 20009K, committed 20224K, reserved 1067008K
  class space    used 2182K, capacity 2262K, committed 2304K, reserved 1048576K
}
Event: 25.173 GC heap before
{Heap before GC invocations=44 (full 13):
 PSYoungGen      total 485888K, used 453120K [0x00000000d5f00000, 0x00000000f7200000, 0x0000000100000000)
  eden space 453120K, 100% used [0x00000000d5f00000,0x00000000f1980000,0x00000000f1980000)
  from space 32768K, 0% used [0x00000000f5200000,0x00000000f5200000,0x00000000f7200000)
  to   space 31232K, 0% used [0x00000000f1980000,0x00000000f1980000,0x00000000f3800000)
 ParOldGen       total 93184K, used 58534K [0x0000000081c00000, 0x0000000087700000, 0x00000000d5f00000)
  object space 93184K, 62% used [0x0000000081c00000,0x0000000085529a28,0x0000000087700000)
 Metaspace       used 19797K, capacity 20009K, committed 20224K, reserved 1067008K
  class space    used 2182K, capacity 2262K, committed 2304K, reserved 1048576K
Event: 25.179 GC heap after
Heap after GC invocations=44 (full 13):
 PSYoungGen      total 484352K, used 18791K [0x00000000d5f00000, 0x00000000f7200000, 0x0000000100000000)
  eden space 453120K, 0% used [0x00000000d5f00000,0x00000000d5f00000,0x00000000f1980000)
  from space 31232K, 60% used [0x00000000f1980000,0x00000000f2bd9c50,0x00000000f3800000)
  to   space 32768K, 0% used [0x00000000f5200000,0x00000000f5200000,0x00000000f7200000)
 ParOldGen       total 93184K, used 58542K [0x0000000081c00000, 0x0000000087700000, 0x00000000d5f00000)
  object space 93184K, 62% used [0x0000000081c00000,0x000000008552ba28,0x0000000087700000)
 Metaspace       used 19797K, capacity 20009K, committed 20224K, reserved 1067008K
  class space    used 2182K, capacity 2262K, committed 2304K, reserved 1048576K
}
Event: 25.973 GC heap before
{Heap before GC invocations=45 (full 13):
 PSYoungGen      total 484352K, used 471911K [0x00000000d5f00000, 0x00000000f7200000, 0x0000000100000000)
  eden space 453120K, 100% used [0x00000000d5f00000,0x00000000f1980000,0x00000000f1980000)
  from space 31232K, 60% used [0x00000000f1980000,0x00000000f2bd9c50,0x00000000f3800000)
  to   space 32768K, 0% used [0x00000000f5200000,0x00000000f5200000,0x00000000f7200000)
 ParOldGen       total 93184K, used 58542K [0x0000000081c00000, 0x0000000087700000, 0x00000000d5f00000)
  object space 93184K, 62% used [0x0000000081c00000,0x000000008552ba28,0x0000000087700000)
 Metaspace       used 19797K, capacity 20009K, committed 20224K, reserved 1067008K
  class space    used 2182K, capacity 2262K, committed 2304K, reserved 1048576K
Event: 25.982 GC heap after
Heap after GC invocations=45 (full 13):
 PSYoungGen      total 485888K, used 32743K [0x00000000d5f00000, 0x00000000f7200000, 0x0000000100000000)
  eden space 453120K, 0% used [0x00000000d5f00000,0x00000000d5f00000,0x00000000f1980000)
  from space 32768K, 99% used [0x00000000f5200000,0x00000000f71f9c50,0x00000000f7200000)
  to   space 31232K, 0% used [0x00000000f1980000,0x00000000f1980000,0x00000000f3800000)
 ParOldGen       total 93184K, used 62838K [0x0000000081c00000, 0x0000000087700000, 0x00000000d5f00000)
  object space 93184K, 67% used [0x0000000081c00000,0x000000008595da28,0x0000000087700000)
 Metaspace       used 19797K, capacity 20009K, committed 20224K, reserved 1067008K
  class space    used 2182K, capacity 2262K, committed 2304K, reserved 1048576K
}
Event: 26.786 GC heap before
{Heap before GC invocations=46 (full 13):
 PSYoungGen      total 485888K, used 485863K [0x00000000d5f00000, 0x00000000f7200000, 0x0000000100000000)
  eden space 453120K, 100% used [0x00000000d5f00000,0x00000000f1980000,0x00000000f1980000)
  from space 32768K, 99% used [0x00000000f5200000,0x00000000f71f9c50,0x00000000f7200000)
  to   space 31232K, 0% used [0x00000000f1980000,0x00000000f1980000,0x00000000f3800000)
 ParOldGen       total 93184K, used 62838K [0x0000000081c00000, 0x0000000087700000, 0x00000000d5f00000)
  object space 93184K, 67% used [0x0000000081c00000,0x000000008595da28,0x0000000087700000)
 Metaspace       used 19797K, capacity 20009K, committed 20224K, reserved 1067008K
  class space    used 2182K, capacity 2262K, committed 2304K, reserved 1048576K
Event: 26.800 GC heap after
Heap after GC invocations=46 (full 13):
 PSYoungGen      total 484352K, used 31207K [0x00000000d5f00000, 0x00000000f7200000, 0x0000000100000000)
  eden space 453120K, 0% used [0x00000000d5f00000,0x00000000d5f00000,0x00000000f1980000)
  from space 31232K, 99% used [0x00000000f1980000,0x00000000f37f9c50,0x00000000f3800000)
  to   space 32768K, 0% used [0x00000000f5200000,0x00000000f5200000,0x00000000f7200000)
 ParOldGen       total 93184K, used 80590K [0x0000000081c00000, 0x0000000087700000, 0x00000000d5f00000)
  object space 93184K, 86% used [0x0000000081c00000,0x0000000086ab3a28,0x0000000087700000)
 Metaspace       used 19797K, capacity 20009K, committed 20224K, reserved 1067008K
  class space    used 2182K, capacity 2262K, committed 2304K, reserved 1048576K
}
Event: 26.800 GC heap before
{Heap before GC invocations=47 (full 14):
 PSYoungGen      total 484352K, used 31207K [0x00000000d5f00000, 0x00000000f7200000, 0x0000000100000000)
  eden space 453120K, 0% used [0x00000000d5f00000,0x00000000d5f00000,0x00000000f1980000)
  from space 31232K, 99% used [0x00000000f1980000,0x00000000f37f9c50,0x00000000f3800000)
  to   space 32768K, 0% used [0x00000000f5200000,0x00000000f5200000,0x00000000f7200000)
 ParOldGen       total 93184K, used 80590K [0x0000000081c00000, 0x0000000087700000, 0x00000000d5f00000)
  object space 93184K, 86% used [0x0000000081c00000,0x0000000086ab3a28,0x0000000087700000)
 Metaspace       used 19797K, capacity 20009K, committed 20224K, reserved 1067008K
  class space    used 2182K, capacity 2262K, committed 2304K, reserved 1048576K
Event: 26.846 GC heap after
Heap after GC invocations=47 (full 14):
 PSYoungGen      total 484352K, used 0K [0x00000000d5f00000, 0x00000000f7200000, 0x0000000100000000)
  eden space 453120K, 0% used [0x00000000d5f00000,0x00000000d5f00000,0x00000000f1980000)
  from space 31232K, 0% used [0x00000000f1980000,0x00000000f1980000,0x00000000f3800000)
  to   space 32768K, 0% used [0x00000000f5200000,0x00000000f5200000,0x00000000f7200000)
 ParOldGen       total 93184K, used 58534K [0x0000000081c00000, 0x0000000087700000, 0x00000000d5f00000)
  object space 93184K, 62% used [0x0000000081c00000,0x0000000085529a28,0x0000000087700000)
 Metaspace       used 19797K, capacity 20009K, committed 20224K, reserved 1067008K
  class space    used 2182K, capacity 2262K, committed 2304K, reserved 1048576K
}

