# JRE version: OpenJDK Runtime Environment (8.0_212-b04) (build 1.8.0_212-b04)
# Java VM: OpenJDK 64-Bit Server VM (25.212-b04 mixed mode windows-amd64 compressed oops)
Heap:
 PSYoungGen      total 653824K, used 312803K [0x00000000d5f00000, 0x0000000100000000, 0x0000000100000000)
  eden space 624640K, 45% used [0x00000000d5f00000,0x00000000e7678e80,0x00000000fc100000)
  from space 29184K, 91% used [0x00000000fe280000,0x00000000ffc80000,0x00000000fff00000)
  to   space 32256K, 0% used [0x00000000fc100000,0x00000000fc100000,0x00000000fe080000)
 ParOldGen       total 113664K, used 69867K [0x0000000081c00000, 0x0000000088b00000, 0x00000000d5f00000)
  object space 113664K, 61% used [0x0000000081c00000,0x000000008603acf0,0x0000000088b00000)
 Metaspace       used 20270K, capacity 20525K, committed 20864K, reserved 1067008K
  class space    used 2233K, capacity 2326K, committed 2432K, reserved 1048576K
GC Heap History (10 events):
Event: 11.981 GC heap before
{Heap before GC invocations=17 (full 2):
 PSYoungGen      total 657408K, used 646592K [0x00000000d5f00000, 0x00000000ffe80000, 0x0000000100000000)
  eden space 630272K, 100% used [0x00000000d5f00000,0x00000000fc680000,0x00000000fc680000)
  from space 27136K, 60% used [0x00000000fe400000,0x00000000ff3f0000,0x00000000ffe80000)
  to   space 28672K, 0% used [0x00000000fc680000,0x00000000fc680000,0x00000000fe280000)
 ParOldGen       total 87552K, used 70316K [0x0000000081c00000, 0x0000000087180000, 0x00000000d5f00000)
  object space 87552K, 80% used [0x0000000081c00000,0x00000000860ab0f0,0x0000000087180000)
 Metaspace       used 20265K, capacity 20525K, committed 20864K, reserved 1067008K
  class space    used 2233K, capacity 2326K, committed 2432K, reserved 1048576K
Event: 11.993 GC heap after
Heap after GC invocations=17 (full 2):
 PSYoungGen      total 658944K, used 19687K [0x00000000d5f00000, 0x0000000100000000, 0x0000000100000000)
  eden space 630272K, 0% used [0x00000000d5f00000,0x00000000d5f00000,0x00000000fc680000)
  from space 28672K, 68% used [0x00000000fc680000,0x00000000fd9b9c60,0x00000000fe280000)
  to   space 29696K, 0% used [0x00000000fe300000,0x00000000fe300000,0x0000000100000000)
 ParOldGen       total 87552K, used 86476K [0x0000000081c00000, 0x0000000087180000, 0x00000000d5f00000)
  object space 87552K, 98% used [0x0000000081c00000,0x00000000870730f0,0x0000000087180000)
 Metaspace       used 20265K, capacity 20525K, committed 20864K, reserved 1067008K
  class space    used 2233K, capacity 2326K, committed 2432K, reserved 1048576K
}
Event: 11.993 GC heap before
{Heap before GC invocations=18 (full 3):
 PSYoungGen      total 658944K, used 19687K [0x00000000d5f00000, 0x0000000100000000, 0x0000000100000000)
  eden space 630272K, 0% used [0x00000000d5f00000,0x00000000d5f00000,0x00000000fc680000)
  from space 28672K, 68% used [0x00000000fc680000,0x00000000fd9b9c60,0x00000000fe280000)
  to   space 29696K, 0% used [0x00000000fe300000,0x00000000fe300000,0x0000000100000000)
 ParOldGen       total 87552K, used 86476K [0x0000000081c00000, 0x0000000087180000, 0x00000000d5f00000)
  object space 87552K, 98% used [0x0000000081c00000,0x00000000870730f0,0x0000000087180000)
 Metaspace       used 20265K, capacity 20525K, committed 20864K, reserved 1067008K
  class space    used 2233K, capacity 2326K, committed 2432K, reserved 1048576K
Event: 12.039 GC heap after
Heap after GC invocations=18 (full 3):
 PSYoungGen      total 658944K, used 0K [0x00000000d5f00000, 0x0000000100000000, 0x0000000100000000)
  eden space 630272K, 0% used [0x00000000d5f00000,0x00000000d5f00000,0x00000000fc680000)
  from space 28672K, 0% used [0x00000000fc680000,0x00000000fc680000,0x00000000fe280000)
  to   space 29696K, 0% used [0x00000000fe300000,0x00000000fe300000,0x0000000100000000)
 ParOldGen       total 113664K, used 51507K [0x0000000081c00000, 0x0000000088b00000, 0x00000000d5f00000)
  object space 113664K, 45% used [0x0000000081c00000,0x0000000084e4ccf0,0x0000000088b00000)
 Metaspace       used 20265K, capacity 20525K, committed 20864K, reserved 1067008K
  class space    used 2233K, capacity 2326K, committed 2432K, reserved 1048576K
}
Event: 14.876 GC heap before
{Heap before GC invocations=19 (full 3):
 PSYoungGen      total 658944K, used 630272K [0x00000000d5f00000, 0x0000000100000000, 0x0000000100000000)
  eden space 630272K, 100% used [0x00000000d5f00000,0x00000000fc680000,0x00000000fc680000)
  from space 28672K, 0% used [0x00000000fc680000,0x00000000fc680000,0x00000000fe280000)
  to   space 29696K, 0% used [0x00000000fe300000,0x00000000fe300000,0x0000000100000000)
 ParOldGen       total 113664K, used 51507K [0x0000000081c00000, 0x0000000088b00000, 0x00000000d5f00000)
  object space 113664K, 45% used [0x0000000081c00000,0x0000000084e4ccf0,0x0000000088b00000)
 Metaspace       used 20270K, capacity 20525K, committed 20864K, reserved 1067008K
  class space    used 2233K, capacity 2326K, committed 2432K, reserved 1048576K
Event: 14.882 GC heap after
Heap after GC invocations=19 (full 3):
 PSYoungGen      total 659456K, used 18407K [0x00000000d5f00000, 0x0000000100000000, 0x0000000100000000)
  eden space 629760K, 0% used [0x00000000d5f00000,0x00000000d5f00000,0x00000000fc600000)
  from space 29696K, 61% used [0x00000000fe300000,0x00000000ff4f9c60,0x0000000100000000)
  to   space 29696K, 0% used [0x00000000fc600000,0x00000000fc600000,0x00000000fe300000)
 ParOldGen       total 113664K, used 51507K [0x0000000081c00000, 0x0000000088b00000, 0x00000000d5f00000)
  object space 113664K, 45% used [0x0000000081c00000,0x0000000084e4ccf0,0x0000000088b00000)
 Metaspace       used 20270K, capacity 20525K, committed 20864K, reserved 1067008K
  class space    used 2233K, capacity 2326K, committed 2432K, reserved 1048576K
}
Event: 16.000 GC heap before
{Heap before GC invocations=20 (full 3):
 PSYoungGen      total 659456K, used 648167K [0x00000000d5f00000, 0x0000000100000000, 0x0000000100000000)
  eden space 629760K, 100% used [0x00000000d5f00000,0x00000000fc600000,0x00000000fc600000)
  from space 29696K, 61% used [0x00000000fe300000,0x00000000ff4f9c60,0x0000000100000000)
  to   space 29696K, 0% used [0x00000000fc600000,0x00000000fc600000,0x00000000fe300000)
 ParOldGen       total 113664K, used 51507K [0x0000000081c00000, 0x0000000088b00000, 0x00000000d5f00000)
  object space 113664K, 45% used [0x0000000081c00000,0x0000000084e4ccf0,0x0000000088b00000)
 Metaspace       used 20270K, capacity 20525K, committed 20864K, reserved 1067008K
  class space    used 2233K, capacity 2326K, committed 2432K, reserved 1048576K
Event: 16.009 GC heap after
Heap after GC invocations=20 (full 3):
 PSYoungGen      total 646656K, used 16576K [0x00000000d5f00000, 0x00000000fff00000, 0x0000000100000000)
  eden space 629760K, 0% used [0x00000000d5f00000,0x00000000d5f00000,0x00000000fc600000)
  from space 16896K, 98% used [0x00000000fc600000,0x00000000fd630000,0x00000000fd680000)
  to   space 29184K, 0% used [0x00000000fe280000,0x00000000fe280000,0x00000000fff00000)
 ParOldGen       total 113664K, used 69739K [0x0000000081c00000, 0x0000000088b00000, 0x00000000d5f00000)
  object space 113664K, 61% used [0x0000000081c00000,0x000000008601acf0,0x0000000088b00000)
 Metaspace       used 20270K, capacity 20525K, committed 20864K, reserved 1067008K
  class space    used 2233K, capacity 2326K, committed 2432K, reserved 1048576K
}
Event: 18.867 GC heap before
{Heap before GC invocations=21 (full 3):
 PSYoungGen      total 646656K, used 646336K [0x00000000d5f00000, 0x00000000fff00000, 0x0000000100000000)
  eden space 629760K, 100% used [0x00000000d5f00000,0x00000000fc600000,0x00000000fc600000)
  from space 16896K, 98% used [0x00000000fc600000,0x00000000fd630000,0x00000000fd680000)
  to   space 29184K, 0% used [0x00000000fe280000,0x00000000fe280000,0x00000000fff00000)
 ParOldGen       total 113664K, used 69739K [0x0000000081c00000, 0x0000000088b00000, 0x00000000d5f00000)
  object space 113664K, 61% used [0x0000000081c00000,0x000000008601acf0,0x0000000088b00000)
 Metaspace       used 20270K, capacity 20525K, committed 20864K, reserved 1067008K
  class space    used 2233K, capacity 2326K, committed 2432K, reserved 1048576K
Event: 18.876 GC heap after
Heap after GC invocations=21 (full 3):
 PSYoungGen      total 653824K, used 26624K [0x00000000d5f00000, 0x0000000100000000, 0x0000000100000000)
  eden space 624640K, 0% used [0x00000000d5f00000,0x00000000d5f00000,0x00000000fc100000)
  from space 29184K, 91% used [0x00000000fe280000,0x00000000ffc80000,0x00000000fff00000)
  to   space 32256K, 0% used [0x00000000fc100000,0x00000000fc100000,0x00000000fe080000)
 ParOldGen       total 113664K, used 69867K [0x0000000081c00000, 0x0000000088b00000, 0x00000000d5f00000)
  object space 113664K, 61% used [0x0000000081c00000,0x000000008603acf0,0x0000000088b00000)
 Metaspace       used 20270K, capacity 20525K, committed 20864K, reserved 1067008K
  class space    used 2233K, capacity 2326K, committed 2432K, reserved 1048576K
}

