# JRE version: OpenJDK Runtime Environment (8.0_212-b04) (build 1.8.0_212-b04)
# Java VM: OpenJDK 64-Bit Server VM (25.212-b04 mixed mode windows-amd64 compressed oops)
Heap:
 PSYoungGen      total 625664K, used 418117K [0x00000000d5f00000, 0x0000000100000000, 0x0000000100000000)
  eden space 576512K, 63% used [0x00000000d5f00000,0x00000000ec751498,0x00000000f9200000)
  from space 49152K, 100% used [0x00000000fd000000,0x0000000100000000,0x0000000100000000)
  to   space 56320K, 0% used [0x00000000f9200000,0x00000000f9200000,0x00000000fc900000)
 ParOldGen       total 147456K, used 107262K [0x0000000081c00000, 0x000000008ac00000, 0x00000000d5f00000)
  object space 147456K, 72% used [0x0000000081c00000,0x00000000884bf808,0x000000008ac00000)
 Metaspace       used 20354K, capacity 20585K, committed 20864K, reserved 1067008K
  class space    used 2232K, capacity 2326K, committed 2432K, reserved 1048576K
GC Heap History (10 events):
Event: 41.107 GC heap before
{Heap before GC invocations=30 (full 4):
 PSYoungGen      total 646144K, used 616192K [0x00000000d5f00000, 0x0000000100000000, 0x0000000100000000)
  eden space 603136K, 100% used [0x00000000d5f00000,0x00000000fac00000,0x00000000fac00000)
  from space 43008K, 30% used [0x00000000fac00000,0x00000000fb8c0000,0x00000000fd600000)
  to   space 42496K, 0% used [0x00000000fd680000,0x00000000fd680000,0x0000000100000000)
 ParOldGen       total 147456K, used 102134K [0x0000000081c00000, 0x000000008ac00000, 0x00000000d5f00000)
  object space 147456K, 69% used [0x0000000081c00000,0x0000000087fbd808,0x000000008ac00000)
 Metaspace       used 20354K, capacity 20585K, committed 20864K, reserved 1067008K
  class space    used 2232K, capacity 2326K, committed 2432K, reserved 1048576K
Event: 41.114 GC heap after
Heap after GC invocations=30 (full 4):
 PSYoungGen      total 645632K, used 26643K [0x00000000d5f00000, 0x00000000fff80000, 0x0000000100000000)
  eden space 603648K, 0% used [0x00000000d5f00000,0x00000000d5f00000,0x00000000fac80000)
  from space 41984K, 63% used [0x00000000fd680000,0x00000000ff084e30,0x00000000fff80000)
  to   space 42496K, 0% used [0x00000000fac80000,0x00000000fac80000,0x00000000fd600000)
 ParOldGen       total 147456K, used 102134K [0x0000000081c00000, 0x000000008ac00000, 0x00000000d5f00000)
  object space 147456K, 69% used [0x0000000081c00000,0x0000000087fbd808,0x000000008ac00000)
 Metaspace       used 20354K, capacity 20585K, committed 20864K, reserved 1067008K
  class space    used 2232K, capacity 2326K, committed 2432K, reserved 1048576K
}
Event: 44.870 GC heap before
{Heap before GC invocations=31 (full 4):
 PSYoungGen      total 645632K, used 630291K [0x00000000d5f00000, 0x00000000fff80000, 0x0000000100000000)
  eden space 603648K, 100% used [0x00000000d5f00000,0x00000000fac80000,0x00000000fac80000)
  from space 41984K, 63% used [0x00000000fd680000,0x00000000ff084e30,0x00000000fff80000)
  to   space 42496K, 0% used [0x00000000fac80000,0x00000000fac80000,0x00000000fd600000)
 ParOldGen       total 147456K, used 102134K [0x0000000081c00000, 0x000000008ac00000, 0x00000000d5f00000)
  object space 147456K, 69% used [0x0000000081c00000,0x0000000087fbd808,0x000000008ac00000)
 Metaspace       used 20354K, capacity 20585K, committed 20864K, reserved 1067008K
  class space    used 2232K, capacity 2326K, committed 2432K, reserved 1048576K
Event: 44.883 GC heap after
Heap after GC invocations=31 (full 4):
 PSYoungGen      total 646144K, used 42471K [0x00000000d5f00000, 0x0000000100000000, 0x0000000100000000)
  eden space 603648K, 0% used [0x00000000d5f00000,0x00000000d5f00000,0x00000000fac80000)
  from space 42496K, 99% used [0x00000000fac80000,0x00000000fd5f9c60,0x00000000fd600000)
  to   space 43008K, 0% used [0x00000000fd600000,0x00000000fd600000,0x0000000100000000)
 ParOldGen       total 147456K, used 105902K [0x0000000081c00000, 0x000000008ac00000, 0x00000000d5f00000)
  object space 147456K, 71% used [0x0000000081c00000,0x000000008836b808,0x000000008ac00000)
 Metaspace       used 20354K, capacity 20585K, committed 20864K, reserved 1067008K
  class space    used 2232K, capacity 2326K, committed 2432K, reserved 1048576K
}
Event: 48.645 GC heap before
{Heap before GC invocations=32 (full 4):
 PSYoungGen      total 646144K, used 646119K [0x00000000d5f00000, 0x0000000100000000, 0x0000000100000000)
  eden space 603648K, 100% used [0x00000000d5f00000,0x00000000fac80000,0x00000000fac80000)
  from space 42496K, 99% used [0x00000000fac80000,0x00000000fd5f9c60,0x00000000fd600000)
  to   space 43008K, 0% used [0x00000000fd600000,0x00000000fd600000,0x0000000100000000)
 ParOldGen       total 147456K, used 105902K [0x0000000081c00000, 0x000000008ac00000, 0x00000000d5f00000)
  object space 147456K, 71% used [0x0000000081c00000,0x000000008836b808,0x000000008ac00000)
 Metaspace       used 20354K, capacity 20585K, committed 20864K, reserved 1067008K
  class space    used 2232K, capacity 2326K, committed 2432K, reserved 1048576K
Event: 48.654 GC heap after
Heap after GC invocations=32 (full 4):
 PSYoungGen      total 630784K, used 33536K [0x00000000d5f00000, 0x0000000100000000, 0x0000000100000000)
  eden space 587776K, 0% used [0x00000000d5f00000,0x00000000d5f00000,0x00000000f9d00000)
  from space 43008K, 77% used [0x00000000fd600000,0x00000000ff6c0000,0x0000000100000000)
  to   space 50688K, 0% used [0x00000000f9d00000,0x00000000f9d00000,0x00000000fce80000)
 ParOldGen       total 147456K, used 106078K [0x0000000081c00000, 0x000000008ac00000, 0x00000000d5f00000)
  object space 147456K, 71% used [0x0000000081c00000,0x0000000088397808,0x000000008ac00000)
 Metaspace       used 20354K, capacity 20585K, committed 20864K, reserved 1067008K
  class space    used 2232K, capacity 2326K, committed 2432K, reserved 1048576K
}
Event: 49.689 GC heap before
{Heap before GC invocations=33 (full 4):
 PSYoungGen      total 630784K, used 621312K [0x00000000d5f00000, 0x0000000100000000, 0x0000000100000000)
  eden space 587776K, 100% used [0x00000000d5f00000,0x00000000f9d00000,0x00000000f9d00000)
  from space 43008K, 77% used [0x00000000fd600000,0x00000000ff6c0000,0x0000000100000000)
  to   space 50688K, 0% used [0x00000000f9d00000,0x00000000f9d00000,0x00000000fce80000)
 ParOldGen       total 147456K, used 106078K [0x0000000081c00000, 0x000000008ac00000, 0x00000000d5f00000)
  object space 147456K, 71% used [0x0000000081c00000,0x0000000088397808,0x000000008ac00000)
 Metaspace       used 20354K, capacity 20585K, committed 20864K, reserved 1067008K
  class space    used 2232K, capacity 2326K, committed 2432K, reserved 1048576K
Event: 49.696 GC heap after
Heap after GC invocations=33 (full 4):
 PSYoungGen      total 638464K, used 26560K [0x00000000d5f00000, 0x0000000100000000, 0x0000000100000000)
  eden space 587776K, 0% used [0x00000000d5f00000,0x00000000d5f00000,0x00000000f9d00000)
  from space 50688K, 52% used [0x00000000f9d00000,0x00000000fb6f0000,0x00000000fce80000)
  to   space 49152K, 0% used [0x00000000fd000000,0x00000000fd000000,0x0000000100000000)
 ParOldGen       total 147456K, used 106078K [0x0000000081c00000, 0x000000008ac00000, 0x00000000d5f00000)
  object space 147456K, 71% used [0x0000000081c00000,0x0000000088397808,0x000000008ac00000)
 Metaspace       used 20354K, capacity 20585K, committed 20864K, reserved 1067008K
  class space    used 2232K, capacity 2326K, committed 2432K, reserved 1048576K
}
Event: 53.419 GC heap before
{Heap before GC invocations=34 (full 4):
 PSYoungGen      total 638464K, used 614336K [0x00000000d5f00000, 0x0000000100000000, 0x0000000100000000)
  eden space 587776K, 100% used [0x00000000d5f00000,0x00000000f9d00000,0x00000000f9d00000)
  from space 50688K, 52% used [0x00000000f9d00000,0x00000000fb6f0000,0x00000000fce80000)
  to   space 49152K, 0% used [0x00000000fd000000,0x00000000fd000000,0x0000000100000000)
 ParOldGen       total 147456K, used 106078K [0x0000000081c00000, 0x000000008ac00000, 0x00000000d5f00000)
  object space 147456K, 71% used [0x0000000081c00000,0x0000000088397808,0x000000008ac00000)
 Metaspace       used 20354K, capacity 20585K, committed 20864K, reserved 1067008K
  class space    used 2232K, capacity 2326K, committed 2432K, reserved 1048576K
Event: 53.432 GC heap after
Heap after GC invocations=34 (full 4):
 PSYoungGen      total 625664K, used 49152K [0x00000000d5f00000, 0x0000000100000000, 0x0000000100000000)
  eden space 576512K, 0% used [0x00000000d5f00000,0x00000000d5f00000,0x00000000f9200000)
  from space 49152K, 100% used [0x00000000fd000000,0x0000000100000000,0x0000000100000000)
  to   space 56320K, 0% used [0x00000000f9200000,0x00000000f9200000,0x00000000fc900000)
 ParOldGen       total 147456K, used 107262K [0x0000000081c00000, 0x000000008ac00000, 0x00000000d5f00000)
  object space 147456K, 72% used [0x0000000081c00000,0x00000000884bf808,0x000000008ac00000)
 Metaspace       used 20354K, capacity 20585K, committed 20864K, reserved 1067008K
  class space    used 2232K, capacity 2326K, committed 2432K, reserved 1048576K
}

