# JRE version: OpenJDK Runtime Environment (8.0_212-b04) (build 1.8.0_212-b04)
# Java VM: OpenJDK 64-Bit Server VM (25.212-b04 mixed mode windows-amd64 compressed oops)
Heap:
 PSYoungGen      total 409600K, used 278582K [0x00000000d5f00000, 0x00000000f3c00000, 0x0000000100000000)
  eden space 379392K, 70% used [0x00000000d5f00000,0x00000000e6415a40,0x00000000ed180000)
  from space 30208K, 37% used [0x00000000f1e80000,0x00000000f2978000,0x00000000f3c00000)
  to   space 27136K, 0% used [0x00000000ed180000,0x00000000ed180000,0x00000000eec00000)
 ParOldGen       total 136192K, used 48419K [0x0000000081c00000, 0x000000008a100000, 0x00000000d5f00000)
  object space 136192K, 35% used [0x0000000081c00000,0x0000000084b48d50,0x000000008a100000)
 Metaspace       used 20663K, capacity 20853K, committed 21120K, reserved 1069056K
  class space    used 2243K, capacity 2326K, committed 2432K, reserved 1048576K
GC Heap History (10 events):
Event: 23.596 GC heap before
{Heap before GC invocations=29 (full 4):
 PSYoungGen      total 409600K, used 382752K [0x00000000d5f00000, 0x00000000f3c00000, 0x0000000100000000)
  eden space 379392K, 100% used [0x00000000d5f00000,0x00000000ed180000,0x00000000ed180000)
  from space 30208K, 11% used [0x00000000f1e80000,0x00000000f21c8000,0x00000000f3c00000)
  to   space 27136K, 0% used [0x00000000ed180000,0x00000000ed180000,0x00000000eec00000)
 ParOldGen       total 136192K, used 85470K [0x0000000081c00000, 0x000000008a100000, 0x00000000d5f00000)
  object space 136192K, 62% used [0x0000000081c00000,0x0000000086f77930,0x000000008a100000)
 Metaspace       used 20655K, capacity 20853K, committed 21120K, reserved 1069056K
  class space    used 2243K, capacity 2326K, committed 2432K, reserved 1048576K
Event: 23.603 GC heap after
Heap after GC invocations=29 (full 4):
 PSYoungGen      total 406528K, used 18464K [0x00000000d5f00000, 0x00000000f3c00000, 0x0000000100000000)
  eden space 379392K, 0% used [0x00000000d5f00000,0x00000000d5f00000,0x00000000ed180000)
  from space 27136K, 68% used [0x00000000ed180000,0x00000000ee388000,0x00000000eec00000)
  to   space 30208K, 0% used [0x00000000f1e80000,0x00000000f1e80000,0x00000000f3c00000)
 ParOldGen       total 136192K, used 88717K [0x0000000081c00000, 0x000000008a100000, 0x00000000d5f00000)
  object space 136192K, 65% used [0x0000000081c00000,0x00000000872a3590,0x000000008a100000)
 Metaspace       used 20655K, capacity 20853K, committed 21120K, reserved 1069056K
  class space    used 2243K, capacity 2326K, committed 2432K, reserved 1048576K
}
Event: 24.297 GC heap before
{Heap before GC invocations=30 (full 4):
 PSYoungGen      total 406528K, used 397856K [0x00000000d5f00000, 0x00000000f3c00000, 0x0000000100000000)
  eden space 379392K, 100% used [0x00000000d5f00000,0x00000000ed180000,0x00000000ed180000)
  from space 27136K, 68% used [0x00000000ed180000,0x00000000ee388000,0x00000000eec00000)
  to   space 30208K, 0% used [0x00000000f1e80000,0x00000000f1e80000,0x00000000f3c00000)
 ParOldGen       total 136192K, used 88717K [0x0000000081c00000, 0x000000008a100000, 0x00000000d5f00000)
  object space 136192K, 65% used [0x0000000081c00000,0x00000000872a3590,0x000000008a100000)
 Metaspace       used 20655K, capacity 20853K, committed 21120K, reserved 1069056K
  class space    used 2243K, capacity 2326K, committed 2432K, reserved 1048576K
Event: 24.305 GC heap after
Heap after GC invocations=30 (full 4):
 PSYoungGen      total 409600K, used 5888K [0x00000000d5f00000, 0x00000000f3c00000, 0x0000000100000000)
  eden space 379392K, 0% used [0x00000000d5f00000,0x00000000d5f00000,0x00000000ed180000)
  from space 30208K, 19% used [0x00000000f1e80000,0x00000000f2440000,0x00000000f3c00000)
  to   space 27136K, 0% used [0x00000000ed180000,0x00000000ed180000,0x00000000eec00000)
 ParOldGen       total 136192K, used 106973K [0x0000000081c00000, 0x000000008a100000, 0x00000000d5f00000)
  object space 136192K, 78% used [0x0000000081c00000,0x0000000088477590,0x000000008a100000)
 Metaspace       used 20655K, capacity 20853K, committed 21120K, reserved 1069056K
  class space    used 2243K, capacity 2326K, committed 2432K, reserved 1048576K
}
Event: 26.730 GC heap before
{Heap before GC invocations=31 (full 4):
 PSYoungGen      total 409600K, used 385280K [0x00000000d5f00000, 0x00000000f3c00000, 0x0000000100000000)
  eden space 379392K, 100% used [0x00000000d5f00000,0x00000000ed180000,0x00000000ed180000)
  from space 30208K, 19% used [0x00000000f1e80000,0x00000000f2440000,0x00000000f3c00000)
  to   space 27136K, 0% used [0x00000000ed180000,0x00000000ed180000,0x00000000eec00000)
 ParOldGen       total 136192K, used 106973K [0x0000000081c00000, 0x000000008a100000, 0x00000000d5f00000)
  object space 136192K, 78% used [0x0000000081c00000,0x0000000088477590,0x000000008a100000)
 Metaspace       used 20660K, capacity 20853K, committed 21120K, reserved 1069056K
  class space    used 2243K, capacity 2326K, committed 2432K, reserved 1048576K
Event: 26.737 GC heap after
Heap after GC invocations=31 (full 4):
 PSYoungGen      total 406528K, used 15648K [0x00000000d5f00000, 0x00000000f3c00000, 0x0000000100000000)
  eden space 379392K, 0% used [0x00000000d5f00000,0x00000000d5f00000,0x00000000ed180000)
  from space 27136K, 57% used [0x00000000ed180000,0x00000000ee0c8000,0x00000000eec00000)
  to   space 30208K, 0% used [0x00000000f1e80000,0x00000000f1e80000,0x00000000f3c00000)
 ParOldGen       total 136192K, used 112672K [0x0000000081c00000, 0x000000008a100000, 0x00000000d5f00000)
  object space 136192K, 82% used [0x0000000081c00000,0x0000000088a083c0,0x000000008a100000)
 Metaspace       used 20660K, capacity 20853K, committed 21120K, reserved 1069056K
  class space    used 2243K, capacity 2326K, committed 2432K, reserved 1048576K
}
Event: 26.737 GC heap before
{Heap before GC invocations=32 (full 5):
 PSYoungGen      total 406528K, used 15648K [0x00000000d5f00000, 0x00000000f3c00000, 0x0000000100000000)
  eden space 379392K, 0% used [0x00000000d5f00000,0x00000000d5f00000,0x00000000ed180000)
  from space 27136K, 57% used [0x00000000ed180000,0x00000000ee0c8000,0x00000000eec00000)
  to   space 30208K, 0% used [0x00000000f1e80000,0x00000000f1e80000,0x00000000f3c00000)
 ParOldGen       total 136192K, used 112672K [0x0000000081c00000, 0x000000008a100000, 0x00000000d5f00000)
  object space 136192K, 82% used [0x0000000081c00000,0x0000000088a083c0,0x000000008a100000)
 Metaspace       used 20660K, capacity 20853K, committed 21120K, reserved 1069056K
  class space    used 2243K, capacity 2326K, committed 2432K, reserved 1048576K
Event: 26.774 GC heap after
Heap after GC invocations=32 (full 5):
 PSYoungGen      total 406528K, used 0K [0x00000000d5f00000, 0x00000000f3c00000, 0x0000000100000000)
  eden space 379392K, 0% used [0x00000000d5f00000,0x00000000d5f00000,0x00000000ed180000)
  from space 27136K, 0% used [0x00000000ed180000,0x00000000ed180000,0x00000000eec00000)
  to   space 30208K, 0% used [0x00000000f1e80000,0x00000000f1e80000,0x00000000f3c00000)
 ParOldGen       total 136192K, used 48419K [0x0000000081c00000, 0x000000008a100000, 0x00000000d5f00000)
  object space 136192K, 35% used [0x0000000081c00000,0x0000000084b48d50,0x000000008a100000)
 Metaspace       used 20660K, capacity 20853K, committed 21120K, reserved 1069056K
  class space    used 2243K, capacity 2326K, committed 2432K, reserved 1048576K
}
Event: 27.455 GC heap before
{Heap before GC invocations=33 (full 5):
 PSYoungGen      total 406528K, used 379392K [0x00000000d5f00000, 0x00000000f3c00000, 0x0000000100000000)
  eden space 379392K, 100% used [0x00000000d5f00000,0x00000000ed180000,0x00000000ed180000)
  from space 27136K, 0% used [0x00000000ed180000,0x00000000ed180000,0x00000000eec00000)
  to   space 30208K, 0% used [0x00000000f1e80000,0x00000000f1e80000,0x00000000f3c00000)
 ParOldGen       total 136192K, used 48419K [0x0000000081c00000, 0x000000008a100000, 0x00000000d5f00000)
  object space 136192K, 35% used [0x0000000081c00000,0x0000000084b48d50,0x000000008a100000)
 Metaspace       used 20660K, capacity 20853K, committed 21120K, reserved 1069056K
  class space    used 2243K, capacity 2326K, committed 2432K, reserved 1048576K
Event: 27.460 GC heap after
Heap after GC invocations=33 (full 5):
 PSYoungGen      total 409600K, used 11232K [0x00000000d5f00000, 0x00000000f3c00000, 0x0000000100000000)
  eden space 379392K, 0% used [0x00000000d5f00000,0x00000000d5f00000,0x00000000ed180000)
  from space 30208K, 37% used [0x00000000f1e80000,0x00000000f2978000,0x00000000f3c00000)
  to   space 27136K, 0% used [0x00000000ed180000,0x00000000ed180000,0x00000000eec00000)
 ParOldGen       total 136192K, used 48419K [0x0000000081c00000, 0x000000008a100000, 0x00000000d5f00000)
  object space 136192K, 35% used [0x0000000081c00000,0x0000000084b48d50,0x000000008a100000)
 Metaspace       used 20660K, capacity 20853K, committed 21120K, reserved 1069056K
  class space    used 2243K, capacity 2326K, committed 2432K, reserved 1048576K
}

