# JRE version: OpenJDK Runtime Environment (8.0_212-b04) (build 1.8.0_212-b04)
# Java VM: OpenJDK 64-Bit Server VM (25.212-b04 mixed mode windows-amd64 compressed oops)
Heap:
 PSYoungGen      total 579072K, used 203403K [0x00000000d5f00000, 0x0000000100000000, 0x0000000100000000)
  eden space 521216K, 28% used [0x00000000d5f00000,0x00000000ded89390,0x00000000f5c00000)
  from space 57856K, 99% used [0x00000000f5c00000,0x00000000f9419c50,0x00000000f9480000)
  to   space 87552K, 0% used [0x00000000faa80000,0x00000000faa80000,0x0000000100000000)
 ParOldGen       total 158208K, used 107080K [0x0000000081c00000, 0x000000008b680000, 0x00000000d5f00000)
  object space 158208K, 67% used [0x0000000081c00000,0x0000000088492388,0x000000008b680000)
 Metaspace       used 19832K, capacity 20077K, committed 20224K, reserved 1067008K
  class space    used 2190K, capacity 2262K, committed 2304K, reserved 1048576K
GC Heap History (10 events):
Event: 16.465 GC heap before
{Heap before GC invocations=28 (full 5):
 PSYoungGen      total 598528K, used 553984K [0x00000000d5f00000, 0x0000000100000000, 0x0000000100000000)
  eden space 553984K, 100% used [0x00000000d5f00000,0x00000000f7c00000,0x00000000f7c00000)
  from space 44544K, 0% used [0x00000000fd480000,0x00000000fd480000,0x0000000100000000)
  to   space 67584K, 0% used [0x00000000f7c00000,0x00000000f7c00000,0x00000000fbe00000)
 ParOldGen       total 158208K, used 77576K [0x0000000081c00000, 0x000000008b680000, 0x00000000d5f00000)
  object space 158208K, 49% used [0x0000000081c00000,0x00000000867c2388,0x000000008b680000)
 Metaspace       used 19797K, capacity 20013K, committed 20224K, reserved 1067008K
  class space    used 2190K, capacity 2262K, committed 2304K, reserved 1048576K
Event: 16.471 GC heap after
Heap after GC invocations=28 (full 5):
 PSYoungGen      total 621568K, used 22240K [0x00000000d5f00000, 0x0000000100000000, 0x0000000100000000)
  eden space 553984K, 0% used [0x00000000d5f00000,0x00000000d5f00000,0x00000000f7c00000)
  from space 67584K, 32% used [0x00000000f7c00000,0x00000000f91b8000,0x00000000fbe00000)
  to   space 64000K, 0% used [0x00000000fc180000,0x00000000fc180000,0x0000000100000000)
 ParOldGen       total 158208K, used 77576K [0x0000000081c00000, 0x000000008b680000, 0x00000000d5f00000)
  object space 158208K, 49% used [0x0000000081c00000,0x00000000867c2388,0x000000008b680000)
 Metaspace       used 19797K, capacity 20013K, committed 20224K, reserved 1067008K
  class space    used 2190K, capacity 2262K, committed 2304K, reserved 1048576K
}
Event: 17.488 GC heap before
{Heap before GC invocations=29 (full 5):
 PSYoungGen      total 621568K, used 576224K [0x00000000d5f00000, 0x0000000100000000, 0x0000000100000000)
  eden space 553984K, 100% used [0x00000000d5f00000,0x00000000f7c00000,0x00000000f7c00000)
  from space 67584K, 32% used [0x00000000f7c00000,0x00000000f91b8000,0x00000000fbe00000)
  to   space 64000K, 0% used [0x00000000fc180000,0x00000000fc180000,0x0000000100000000)
 ParOldGen       total 158208K, used 77576K [0x0000000081c00000, 0x000000008b680000, 0x00000000d5f00000)
  object space 158208K, 49% used [0x0000000081c00000,0x00000000867c2388,0x000000008b680000)
 Metaspace       used 19811K, capacity 20077K, committed 20224K, reserved 1067008K
  class space    used 2190K, capacity 2262K, committed 2304K, reserved 1048576K
Event: 17.499 GC heap after
Heap after GC invocations=29 (full 5):
 PSYoungGen      total 616960K, used 33991K [0x00000000d5f00000, 0x00000000ffb80000, 0x0000000100000000)
  eden space 557568K, 0% used [0x00000000d5f00000,0x00000000d5f00000,0x00000000f7f80000)
  from space 59392K, 57% used [0x00000000fc180000,0x00000000fe2b1c50,0x00000000ffb80000)
  to   space 63488K, 0% used [0x00000000f7f80000,0x00000000f7f80000,0x00000000fbd80000)
 ParOldGen       total 158208K, used 77576K [0x0000000081c00000, 0x000000008b680000, 0x00000000d5f00000)
  object space 158208K, 49% used [0x0000000081c00000,0x00000000867c2388,0x000000008b680000)
 Metaspace       used 19811K, capacity 20077K, committed 20224K, reserved 1067008K
  class space    used 2190K, capacity 2262K, committed 2304K, reserved 1048576K
}
Event: 18.516 GC heap before
{Heap before GC invocations=30 (full 5):
 PSYoungGen      total 616960K, used 591559K [0x00000000d5f00000, 0x00000000ffb80000, 0x0000000100000000)
  eden space 557568K, 100% used [0x00000000d5f00000,0x00000000f7f80000,0x00000000f7f80000)
  from space 59392K, 57% used [0x00000000fc180000,0x00000000fe2b1c50,0x00000000ffb80000)
  to   space 63488K, 0% used [0x00000000f7f80000,0x00000000f7f80000,0x00000000fbd80000)
 ParOldGen       total 158208K, used 77576K [0x0000000081c00000, 0x000000008b680000, 0x00000000d5f00000)
  object space 158208K, 49% used [0x0000000081c00000,0x00000000867c2388,0x000000008b680000)
 Metaspace       used 19816K, capacity 20077K, committed 20224K, reserved 1067008K
  class space    used 2190K, capacity 2262K, committed 2304K, reserved 1048576K
Event: 18.530 GC heap after
Heap after GC invocations=30 (full 5):
 PSYoungGen      total 613888K, used 55822K [0x00000000d5f00000, 0x0000000100000000, 0x0000000100000000)
  eden space 557568K, 0% used [0x00000000d5f00000,0x00000000d5f00000,0x00000000f7f80000)
  from space 56320K, 99% used [0x00000000f7f80000,0x00000000fb6038a0,0x00000000fb680000)
  to   space 70144K, 0% used [0x00000000fbb80000,0x00000000fbb80000,0x0000000100000000)
 ParOldGen       total 158208K, used 77584K [0x0000000081c00000, 0x000000008b680000, 0x00000000d5f00000)
  object space 158208K, 49% used [0x0000000081c00000,0x00000000867c4388,0x000000008b680000)
 Metaspace       used 19816K, capacity 20077K, committed 20224K, reserved 1067008K
  class space    used 2190K, capacity 2262K, committed 2304K, reserved 1048576K
}
Event: 19.545 GC heap before
{Heap before GC invocations=31 (full 5):
 PSYoungGen      total 613888K, used 613390K [0x00000000d5f00000, 0x0000000100000000, 0x0000000100000000)
  eden space 557568K, 100% used [0x00000000d5f00000,0x00000000f7f80000,0x00000000f7f80000)
  from space 56320K, 99% used [0x00000000f7f80000,0x00000000fb6038a0,0x00000000fb680000)
  to   space 70144K, 0% used [0x00000000fbb80000,0x00000000fbb80000,0x0000000100000000)
 ParOldGen       total 158208K, used 77584K [0x0000000081c00000, 0x000000008b680000, 0x00000000d5f00000)
  object space 158208K, 49% used [0x0000000081c00000,0x00000000867c4388,0x000000008b680000)
 Metaspace       used 19816K, capacity 20077K, committed 20224K, reserved 1067008K
  class space    used 2190K, capacity 2262K, committed 2304K, reserved 1048576K
Event: 19.564 GC heap after
Heap after GC invocations=31 (full 5):
 PSYoungGen      total 591360K, used 70126K [0x00000000d5f00000, 0x0000000100000000, 0x0000000100000000)
  eden space 521216K, 0% used [0x00000000d5f00000,0x00000000d5f00000,0x00000000f5c00000)
  from space 70144K, 99% used [0x00000000fbb80000,0x00000000ffffb8a0,0x0000000100000000)
  to   space 83968K, 0% used [0x00000000f5c00000,0x00000000f5c00000,0x00000000fae00000)
 ParOldGen       total 158208K, used 85008K [0x0000000081c00000, 0x000000008b680000, 0x00000000d5f00000)
  object space 158208K, 53% used [0x0000000081c00000,0x0000000086f04388,0x000000008b680000)
 Metaspace       used 19816K, capacity 20077K, committed 20224K, reserved 1067008K
  class space    used 2190K, capacity 2262K, committed 2304K, reserved 1048576K
}
Event: 20.519 GC heap before
{Heap before GC invocations=32 (full 5):
 PSYoungGen      total 591360K, used 591342K [0x00000000d5f00000, 0x0000000100000000, 0x0000000100000000)
  eden space 521216K, 100% used [0x00000000d5f00000,0x00000000f5c00000,0x00000000f5c00000)
  from space 70144K, 99% used [0x00000000fbb80000,0x00000000ffffb8a0,0x0000000100000000)
  to   space 83968K, 0% used [0x00000000f5c00000,0x00000000f5c00000,0x00000000fae00000)
 ParOldGen       total 158208K, used 85008K [0x0000000081c00000, 0x000000008b680000, 0x00000000d5f00000)
  object space 158208K, 53% used [0x0000000081c00000,0x0000000086f04388,0x000000008b680000)
 Metaspace       used 19828K, capacity 20077K, committed 20224K, reserved 1067008K
  class space    used 2190K, capacity 2262K, committed 2304K, reserved 1048576K
Event: 20.540 GC heap after
Heap after GC invocations=32 (full 5):
 PSYoungGen      total 579072K, used 57447K [0x00000000d5f00000, 0x0000000100000000, 0x0000000100000000)
  eden space 521216K, 0% used [0x00000000d5f00000,0x00000000d5f00000,0x00000000f5c00000)
  from space 57856K, 99% used [0x00000000f5c00000,0x00000000f9419c50,0x00000000f9480000)
  to   space 87552K, 0% used [0x00000000faa80000,0x00000000faa80000,0x0000000100000000)
 ParOldGen       total 158208K, used 107080K [0x0000000081c00000, 0x000000008b680000, 0x00000000d5f00000)
  object space 158208K, 67% used [0x0000000081c00000,0x0000000088492388,0x000000008b680000)
 Metaspace       used 19828K, capacity 20077K, committed 20224K, reserved 1067008K
  class space    used 2190K, capacity 2262K, committed 2304K, reserved 1048576K
}

