# JRE version: OpenJDK Runtime Environment (8.0_212-b04) (build 1.8.0_212-b04)
# Java VM: OpenJDK 64-Bit Server VM (25.212-b04 mixed mode windows-amd64 compressed oops)
Heap:
 PSYoungGen      total 463360K, used 287103K [0x00000000d5f00000, 0x00000000f6900000, 0x0000000100000000)
  eden space 442880K, 61% used [0x00000000d5f00000,0x00000000e690fc70,0x00000000f0f80000)
  from space 20480K, 71% used [0x00000000f0f80000,0x00000000f1dd0000,0x00000000f2380000)
  to   space 20480K, 0% used [0x00000000f5500000,0x00000000f5500000,0x00000000f6900000)
 ParOldGen       total 114176K, used 45314K [0x0000000081c00000, 0x0000000088b80000, 0x00000000d5f00000)
  object space 114176K, 39% used [0x0000000081c00000,0x00000000848408e0,0x0000000088b80000)
 Metaspace       used 20647K, capacity 20853K, committed 21120K, reserved 1069056K
  class space    used 2254K, capacity 2326K, committed 2432K, reserved 1048576K
GC Heap History (10 events):
Event: 49.306 GC heap before
{Heap before GC invocations=44 (full 6):
 PSYoungGen      total 471040K, used 458400K [0x00000000d5f00000, 0x00000000f4800000, 0x0000000100000000)
  eden space 445952K, 100% used [0x00000000d5f00000,0x00000000f1280000,0x00000000f1280000)
  from space 25088K, 49% used [0x00000000f1280000,0x00000000f1ea8000,0x00000000f2b00000)
  to   space 23040K, 0% used [0x00000000f2b00000,0x00000000f2b00000,0x00000000f4180000)
 ParOldGen       total 114176K, used 74079K [0x0000000081c00000, 0x0000000088b80000, 0x00000000d5f00000)
  object space 114176K, 64% used [0x0000000081c00000,0x0000000086457ed0,0x0000000088b80000)
 Metaspace       used 20646K, capacity 20853K, committed 21120K, reserved 1069056K
  class space    used 2254K, capacity 2326K, committed 2432K, reserved 1048576K
Event: 49.313 GC heap after
Heap after GC invocations=44 (full 6):
 PSYoungGen      total 468992K, used 13555K [0x00000000d5f00000, 0x00000000f4800000, 0x0000000100000000)
  eden space 445952K, 0% used [0x00000000d5f00000,0x00000000d5f00000,0x00000000f1280000)
  from space 23040K, 58% used [0x00000000f2b00000,0x00000000f383ce30,0x00000000f4180000)
  to   space 25088K, 0% used [0x00000000f1280000,0x00000000f1280000,0x00000000f2b00000)
 ParOldGen       total 114176K, used 86235K [0x0000000081c00000, 0x0000000088b80000, 0x00000000d5f00000)
  object space 114176K, 75% used [0x0000000081c00000,0x0000000087036d00,0x0000000088b80000)
 Metaspace       used 20646K, capacity 20853K, committed 21120K, reserved 1069056K
  class space    used 2254K, capacity 2326K, committed 2432K, reserved 1048576K
}
Event: 50.120 GC heap before
{Heap before GC invocations=45 (full 6):
 PSYoungGen      total 468992K, used 459507K [0x00000000d5f00000, 0x00000000f4800000, 0x0000000100000000)
  eden space 445952K, 100% used [0x00000000d5f00000,0x00000000f1280000,0x00000000f1280000)
  from space 23040K, 58% used [0x00000000f2b00000,0x00000000f383ce30,0x00000000f4180000)
  to   space 25088K, 0% used [0x00000000f1280000,0x00000000f1280000,0x00000000f2b00000)
 ParOldGen       total 114176K, used 86235K [0x0000000081c00000, 0x0000000088b80000, 0x00000000d5f00000)
  object space 114176K, 75% used [0x0000000081c00000,0x0000000087036d00,0x0000000088b80000)
 Metaspace       used 20646K, capacity 20853K, committed 21120K, reserved 1069056K
  class space    used 2254K, capacity 2326K, committed 2432K, reserved 1048576K
Event: 50.128 GC heap after
Heap after GC invocations=45 (full 6):
 PSYoungGen      total 471040K, used 13472K [0x00000000d5f00000, 0x00000000f4800000, 0x0000000100000000)
  eden space 445952K, 0% used [0x00000000d5f00000,0x00000000d5f00000,0x00000000f1280000)
  from space 25088K, 53% used [0x00000000f1280000,0x00000000f1fa8000,0x00000000f2b00000)
  to   space 23040K, 0% used [0x00000000f2b00000,0x00000000f2b00000,0x00000000f4180000)
 ParOldGen       total 114176K, used 99603K [0x0000000081c00000, 0x0000000088b80000, 0x00000000d5f00000)
  object space 114176K, 87% used [0x0000000081c00000,0x0000000087d44d00,0x0000000088b80000)
 Metaspace       used 20646K, capacity 20853K, committed 21120K, reserved 1069056K
  class space    used 2254K, capacity 2326K, committed 2432K, reserved 1048576K
}
Event: 50.128 GC heap before
{Heap before GC invocations=46 (full 7):
 PSYoungGen      total 471040K, used 13472K [0x00000000d5f00000, 0x00000000f4800000, 0x0000000100000000)
  eden space 445952K, 0% used [0x00000000d5f00000,0x00000000d5f00000,0x00000000f1280000)
  from space 25088K, 53% used [0x00000000f1280000,0x00000000f1fa8000,0x00000000f2b00000)
  to   space 23040K, 0% used [0x00000000f2b00000,0x00000000f2b00000,0x00000000f4180000)
 ParOldGen       total 114176K, used 99603K [0x0000000081c00000, 0x0000000088b80000, 0x00000000d5f00000)
  object space 114176K, 87% used [0x0000000081c00000,0x0000000087d44d00,0x0000000088b80000)
 Metaspace       used 20646K, capacity 20853K, committed 21120K, reserved 1069056K
  class space    used 2254K, capacity 2326K, committed 2432K, reserved 1048576K
Event: 50.156 GC heap after
Heap after GC invocations=46 (full 7):
 PSYoungGen      total 471040K, used 0K [0x00000000d5f00000, 0x00000000f4800000, 0x0000000100000000)
  eden space 445952K, 0% used [0x00000000d5f00000,0x00000000d5f00000,0x00000000f1280000)
  from space 25088K, 0% used [0x00000000f1280000,0x00000000f1280000,0x00000000f2b00000)
  to   space 23040K, 0% used [0x00000000f2b00000,0x00000000f2b00000,0x00000000f4180000)
 ParOldGen       total 114176K, used 33138K [0x0000000081c00000, 0x0000000088b80000, 0x00000000d5f00000)
  object space 114176K, 29% used [0x0000000081c00000,0x0000000083c5c8e0,0x0000000088b80000)
 Metaspace       used 20646K, capacity 20853K, committed 21120K, reserved 1069056K
  class space    used 2254K, capacity 2326K, committed 2432K, reserved 1048576K
}
Event: 53.498 GC heap before
{Heap before GC invocations=47 (full 7):
 PSYoungGen      total 471040K, used 445952K [0x00000000d5f00000, 0x00000000f4800000, 0x0000000100000000)
  eden space 445952K, 100% used [0x00000000d5f00000,0x00000000f1280000,0x00000000f1280000)
  from space 25088K, 0% used [0x00000000f1280000,0x00000000f1280000,0x00000000f2b00000)
  to   space 23040K, 0% used [0x00000000f2b00000,0x00000000f2b00000,0x00000000f4180000)
 ParOldGen       total 114176K, used 33138K [0x0000000081c00000, 0x0000000088b80000, 0x00000000d5f00000)
  object space 114176K, 29% used [0x0000000081c00000,0x0000000083c5c8e0,0x0000000088b80000)
 Metaspace       used 20647K, capacity 20853K, committed 21120K, reserved 1069056K
  class space    used 2254K, capacity 2326K, committed 2432K, reserved 1048576K
Event: 53.503 GC heap after
Heap after GC invocations=47 (full 7):
 PSYoungGen      total 441344K, used 12371K [0x00000000d5f00000, 0x00000000f3780000, 0x0000000100000000)
  eden space 428544K, 0% used [0x00000000d5f00000,0x00000000d5f00000,0x00000000f0180000)
  from space 12800K, 96% used [0x00000000f2b00000,0x00000000f3714e30,0x00000000f3780000)
  to   space 20480K, 0% used [0x00000000f0f80000,0x00000000f0f80000,0x00000000f2380000)
 ParOldGen       total 114176K, used 33138K [0x0000000081c00000, 0x0000000088b80000, 0x00000000d5f00000)
  object space 114176K, 29% used [0x0000000081c00000,0x0000000083c5c8e0,0x0000000088b80000)
 Metaspace       used 20647K, capacity 20853K, committed 21120K, reserved 1069056K
  class space    used 2254K, capacity 2326K, committed 2432K, reserved 1048576K
}
Event: 54.270 GC heap before
{Heap before GC invocations=48 (full 7):
 PSYoungGen      total 441344K, used 440915K [0x00000000d5f00000, 0x00000000f3780000, 0x0000000100000000)
  eden space 428544K, 100% used [0x00000000d5f00000,0x00000000f0180000,0x00000000f0180000)
  from space 12800K, 96% used [0x00000000f2b00000,0x00000000f3714e30,0x00000000f3780000)
  to   space 20480K, 0% used [0x00000000f0f80000,0x00000000f0f80000,0x00000000f2380000)
 ParOldGen       total 114176K, used 33138K [0x0000000081c00000, 0x0000000088b80000, 0x00000000d5f00000)
  object space 114176K, 29% used [0x0000000081c00000,0x0000000083c5c8e0,0x0000000088b80000)
 Metaspace       used 20647K, capacity 20853K, committed 21120K, reserved 1069056K
  class space    used 2254K, capacity 2326K, committed 2432K, reserved 1048576K
Event: 54.278 GC heap after
Heap after GC invocations=48 (full 7):
 PSYoungGen      total 463360K, used 14656K [0x00000000d5f00000, 0x00000000f6900000, 0x0000000100000000)
  eden space 442880K, 0% used [0x00000000d5f00000,0x00000000d5f00000,0x00000000f0f80000)
  from space 20480K, 71% used [0x00000000f0f80000,0x00000000f1dd0000,0x00000000f2380000)
  to   space 20480K, 0% used [0x00000000f5500000,0x00000000f5500000,0x00000000f6900000)
 ParOldGen       total 114176K, used 45314K [0x0000000081c00000, 0x0000000088b80000, 0x00000000d5f00000)
  object space 114176K, 39% used [0x0000000081c00000,0x00000000848408e0,0x0000000088b80000)
 Metaspace       used 20647K, capacity 20853K, committed 21120K, reserved 1069056K
  class space    used 2254K, capacity 2326K, committed 2432K, reserved 1048576K
}

