# JRE version: OpenJDK Runtime Environment (8.0_212-b04) (build 1.8.0_212-b04)
# Java VM: OpenJDK 64-Bit Server VM (25.212-b04 mixed mode windows-amd64 compressed oops)
Heap:
 PSYoungGen      total 436736K, used 58263K [0x00000000d5f00000, 0x00000000f2080000, 0x0000000100000000)
  eden space 419328K, 13% used [0x00000000d5f00000,0x00000000d97e5ff0,0x00000000ef880000)
  from space 17408K, 0% used [0x00000000f0b80000,0x00000000f0b80000,0x00000000f1c80000)
  to   space 19456K, 0% used [0x00000000ef880000,0x00000000ef880000,0x00000000f0b80000)
 ParOldGen       total 128512K, used 41393K [0x0000000081c00000, 0x0000000089980000, 0x00000000d5f00000)
  object space 128512K, 32% used [0x0000000081c00000,0x000000008446c5e0,0x0000000089980000)
 Metaspace       used 20444K, capacity 20629K, committed 20736K, reserved 1067008K
  class space    used 2226K, capacity 2294K, committed 2304K, reserved 1048576K
GC Heap History (10 events):
Event: 25.321 GC heap before
{Heap before GC invocations=32 (full 5):
 PSYoungGen      total 436736K, used 428371K [0x00000000d5f00000, 0x00000000f2080000, 0x0000000100000000)
  eden space 419328K, 100% used [0x00000000d5f00000,0x00000000ef880000,0x00000000ef880000)
  from space 17408K, 51% used [0x00000000f0b80000,0x00000000f1454e30,0x00000000f1c80000)
  to   space 19456K, 0% used [0x00000000ef880000,0x00000000ef880000,0x00000000f0b80000)
 ParOldGen       total 128512K, used 49869K [0x0000000081c00000, 0x0000000089980000, 0x00000000d5f00000)
  object space 128512K, 38% used [0x0000000081c00000,0x0000000084cb35b8,0x0000000089980000)
 Metaspace       used 20444K, capacity 20629K, committed 20736K, reserved 1067008K
  class space    used 2226K, capacity 2294K, committed 2304K, reserved 1048576K
Event: 25.329 GC heap after
Heap after GC invocations=32 (full 5):
 PSYoungGen      total 438784K, used 19443K [0x00000000d5f00000, 0x00000000f2080000, 0x0000000100000000)
  eden space 419328K, 0% used [0x00000000d5f00000,0x00000000d5f00000,0x00000000ef880000)
  from space 19456K, 99% used [0x00000000ef880000,0x00000000f0b7ce30,0x00000000f0b80000)
  to   space 17408K, 0% used [0x00000000f0b80000,0x00000000f0b80000,0x00000000f1c80000)
 ParOldGen       total 128512K, used 59752K [0x0000000081c00000, 0x0000000089980000, 0x00000000d5f00000)
  object space 128512K, 46% used [0x0000000081c00000,0x000000008565a3e8,0x0000000089980000)
 Metaspace       used 20444K, capacity 20629K, committed 20736K, reserved 1067008K
  class space    used 2226K, capacity 2294K, committed 2304K, reserved 1048576K
}
Event: 26.386 GC heap before
{Heap before GC invocations=33 (full 5):
 PSYoungGen      total 438784K, used 438771K [0x00000000d5f00000, 0x00000000f2080000, 0x0000000100000000)
  eden space 419328K, 100% used [0x00000000d5f00000,0x00000000ef880000,0x00000000ef880000)
  from space 19456K, 99% used [0x00000000ef880000,0x00000000f0b7ce30,0x00000000f0b80000)
  to   space 17408K, 0% used [0x00000000f0b80000,0x00000000f0b80000,0x00000000f1c80000)
 ParOldGen       total 128512K, used 59752K [0x0000000081c00000, 0x0000000089980000, 0x00000000d5f00000)
  object space 128512K, 46% used [0x0000000081c00000,0x000000008565a3e8,0x0000000089980000)
 Metaspace       used 20444K, capacity 20629K, committed 20736K, reserved 1067008K
  class space    used 2226K, capacity 2294K, committed 2304K, reserved 1048576K
Event: 26.394 GC heap after
Heap after GC invocations=33 (full 5):
 PSYoungGen      total 436736K, used 10336K [0x00000000d5f00000, 0x00000000f2080000, 0x0000000100000000)
  eden space 419328K, 0% used [0x00000000d5f00000,0x00000000d5f00000,0x00000000ef880000)
  from space 17408K, 59% used [0x00000000f0b80000,0x00000000f1598000,0x00000000f1c80000)
  to   space 19456K, 0% used [0x00000000ef880000,0x00000000ef880000,0x00000000f0b80000)
 ParOldGen       total 128512K, used 79120K [0x0000000081c00000, 0x0000000089980000, 0x00000000d5f00000)
  object space 128512K, 61% used [0x0000000081c00000,0x00000000869443e8,0x0000000089980000)
 Metaspace       used 20444K, capacity 20629K, committed 20736K, reserved 1067008K
  class space    used 2226K, capacity 2294K, committed 2304K, reserved 1048576K
}
Event: 27.139 GC heap before
{Heap before GC invocations=34 (full 5):
 PSYoungGen      total 436736K, used 429664K [0x00000000d5f00000, 0x00000000f2080000, 0x0000000100000000)
  eden space 419328K, 100% used [0x00000000d5f00000,0x00000000ef880000,0x00000000ef880000)
  from space 17408K, 59% used [0x00000000f0b80000,0x00000000f1598000,0x00000000f1c80000)
  to   space 19456K, 0% used [0x00000000ef880000,0x00000000ef880000,0x00000000f0b80000)
 ParOldGen       total 128512K, used 79120K [0x0000000081c00000, 0x0000000089980000, 0x00000000d5f00000)
  object space 128512K, 61% used [0x0000000081c00000,0x00000000869443e8,0x0000000089980000)
 Metaspace       used 20444K, capacity 20629K, committed 20736K, reserved 1067008K
  class space    used 2226K, capacity 2294K, committed 2304K, reserved 1048576K
Event: 27.147 GC heap after
Heap after GC invocations=34 (full 5):
 PSYoungGen      total 438784K, used 19008K [0x00000000d5f00000, 0x00000000f2080000, 0x0000000100000000)
  eden space 419328K, 0% used [0x00000000d5f00000,0x00000000d5f00000,0x00000000ef880000)
  from space 19456K, 97% used [0x00000000ef880000,0x00000000f0b10000,0x00000000f0b80000)
  to   space 17408K, 0% used [0x00000000f0b80000,0x00000000f0b80000,0x00000000f1c80000)
 ParOldGen       total 128512K, used 89424K [0x0000000081c00000, 0x0000000089980000, 0x00000000d5f00000)
  object space 128512K, 69% used [0x0000000081c00000,0x0000000087354048,0x0000000089980000)
 Metaspace       used 20444K, capacity 20629K, committed 20736K, reserved 1067008K
  class space    used 2226K, capacity 2294K, committed 2304K, reserved 1048576K
}
Event: 28.211 GC heap before
{Heap before GC invocations=35 (full 5):
 PSYoungGen      total 438784K, used 438336K [0x00000000d5f00000, 0x00000000f2080000, 0x0000000100000000)
  eden space 419328K, 100% used [0x00000000d5f00000,0x00000000ef880000,0x00000000ef880000)
  from space 19456K, 97% used [0x00000000ef880000,0x00000000f0b10000,0x00000000f0b80000)
  to   space 17408K, 0% used [0x00000000f0b80000,0x00000000f0b80000,0x00000000f1c80000)
 ParOldGen       total 128512K, used 89424K [0x0000000081c00000, 0x0000000089980000, 0x00000000d5f00000)
  object space 128512K, 69% used [0x0000000081c00000,0x0000000087354048,0x0000000089980000)
 Metaspace       used 20444K, capacity 20629K, committed 20736K, reserved 1067008K
  class space    used 2226K, capacity 2294K, committed 2304K, reserved 1048576K
Event: 28.220 GC heap after
Heap after GC invocations=35 (full 5):
 PSYoungGen      total 436736K, used 12928K [0x00000000d5f00000, 0x00000000f2080000, 0x0000000100000000)
  eden space 419328K, 0% used [0x00000000d5f00000,0x00000000d5f00000,0x00000000ef880000)
  from space 17408K, 74% used [0x00000000f0b80000,0x00000000f1820000,0x00000000f1c80000)
  to   space 19456K, 0% used [0x00000000ef880000,0x00000000ef880000,0x00000000f0b80000)
 ParOldGen       total 128512K, used 108272K [0x0000000081c00000, 0x0000000089980000, 0x00000000d5f00000)
  object space 128512K, 84% used [0x0000000081c00000,0x00000000885bc048,0x0000000089980000)
 Metaspace       used 20444K, capacity 20629K, committed 20736K, reserved 1067008K
  class space    used 2226K, capacity 2294K, committed 2304K, reserved 1048576K
}
Event: 28.220 GC heap before
{Heap before GC invocations=36 (full 6):
 PSYoungGen      total 436736K, used 12928K [0x00000000d5f00000, 0x00000000f2080000, 0x0000000100000000)
  eden space 419328K, 0% used [0x00000000d5f00000,0x00000000d5f00000,0x00000000ef880000)
  from space 17408K, 74% used [0x00000000f0b80000,0x00000000f1820000,0x00000000f1c80000)
  to   space 19456K, 0% used [0x00000000ef880000,0x00000000ef880000,0x00000000f0b80000)
 ParOldGen       total 128512K, used 108272K [0x0000000081c00000, 0x0000000089980000, 0x00000000d5f00000)
  object space 128512K, 84% used [0x0000000081c00000,0x00000000885bc048,0x0000000089980000)
 Metaspace       used 20444K, capacity 20629K, committed 20736K, reserved 1067008K
  class space    used 2226K, capacity 2294K, committed 2304K, reserved 1048576K
Event: 28.253 GC heap after
Heap after GC invocations=36 (full 6):
 PSYoungGen      total 436736K, used 0K [0x00000000d5f00000, 0x00000000f2080000, 0x0000000100000000)
  eden space 419328K, 0% used [0x00000000d5f00000,0x00000000d5f00000,0x00000000ef880000)
  from space 17408K, 0% used [0x00000000f0b80000,0x00000000f0b80000,0x00000000f1c80000)
  to   space 19456K, 0% used [0x00000000ef880000,0x00000000ef880000,0x00000000f0b80000)
 ParOldGen       total 128512K, used 41393K [0x0000000081c00000, 0x0000000089980000, 0x00000000d5f00000)
  object space 128512K, 32% used [0x0000000081c00000,0x000000008446c5e0,0x0000000089980000)
 Metaspace       used 20444K, capacity 20629K, committed 20736K, reserved 1067008K
  class space    used 2226K, capacity 2294K, committed 2304K, reserved 1048576K
}

